total 248
-rw-r--r--   1 gtristan  student    666 Jun 25 12:08 CMakeLists.txt
-rw-r--r--   1 gtristan  student    284 Jun 25 12:08 Makefile
-rw-r--r--   1 gtristan  student  14266 Apr 16 16:20 README.md
-rw-r--r--   1 gtristan  student   1148 Jun 27 14:29 absent_arguments.c
drwxr-xr-x  10 gtristan  student    340 Jun 25 12:23 cmake-build-debug
-rwxr-xr-x   1 gtristan  student  24908 Jun 27 18:54 ft_ls
drwxr-xr-x   3 gtristan  student    102 Jun 27 18:44 ft_ls.dSYM
-rw-r--r--   1 gtristan  student   5643 Jun 27 18:29 gather_file_data.c
-rwxr-xr-x   1 gtristan  student   3349 Jun 27 14:15 input_parsing.c
drwxr-xr-x  77 gtristan  student   2618 Mar 25 12:22 libft
-rwxr-xr-x   1 gtristan  student   4549 Jun 27 18:54 ls.h
-rwxr-xr-x   1 gtristan  student   4960 Jun 27 18:54 main.c
-rwxr-xr-x   1 gtristan  student    824 Mar 25 11:49 myexit.c
-rw-r--r--   1 gtristan  student      0 Jun 27 18:55 new.log
-rw-r--r--   1 gtristan  student  13997 Jun 27 18:55 orig.log
-rwxr-xr-x   1 gtristan  student   2303 Apr 17 17:08 sorting.c
-rwxr-xr-x   1 gtristan  student    417 Apr 16 15:04 test.c
-rw-r--r--   1 gtristan  student   3504 Apr 17 14:31 tree.c
-rwxr-xr-x   1 gtristan  student   2695 Apr  9 16:03 tree_balance.c
-rwxr-xr-x   1 gtristan  student   2585 Jun 27 18:54 tree_print.c

./cmake-build-debug:
total 200
-rw-r--r--   1 gtristan  student  43600 Apr  9 13:12 CMakeCache.txt
drwxr-xr-x  16 gtristan  student    544 Jun 25 12:23 CMakeFiles
-rw-r--r--   1 gtristan  student  11864 Jun 25 12:23 Makefile
-rw-r--r--   1 gtristan  student   2663 Mar 25 11:53 Project.cbp
drwxr-xr-x   3 gtristan  student    102 Mar 25 12:21 Testing
-rw-r--r--   1 gtristan  student   1596 Apr  9 13:12 cmake_install.cmake
-rwxr-xr-x   1 gtristan  student  25544 Apr 17 19:04 ls
-rw-r--r--   1 gtristan  student   6890 Jun 25 12:23 ls.cbp

./cmake-build-debug/CMakeFiles:
total 200
drwxr-xr-x   9 gtristan  student    306 Mar 25 11:53 3.17.5
drwxr-xr-x   9 gtristan  student    306 Apr  9 13:12 3.19.2
-rw-r--r--   1 gtristan  student    658 Apr  9 13:12 CMakeDirectoryInformation.cmake
-rw-r--r--   1 gtristan  student  67286 Apr  9 13:12 CMakeOutput.log
drwxr-xr-x   2 gtristan  student     68 Apr  9 13:12 CMakeTmp
-rw-r--r--   1 gtristan  student   3330 Jun 25 12:23 Makefile.cmake
-rw-r--r--   1 gtristan  student   3609 Jun 25 12:23 Makefile2
-rw-r--r--   1 gtristan  student    226 Jun 25 12:23 TargetDirectories.txt
-rw-r--r--   1 gtristan  student     39 Jun 25 12:23 clion-environment.txt
-rw-r--r--   1 gtristan  student    275 Jun 25 12:23 clion-log.txt
-rw-r--r--   1 gtristan  student     85 Jun 25 12:23 cmake.check_cache
drwxr-xr-x   9 gtristan  student    306 Mar 25 12:21 corewar.dir
drwxr-xr-x  21 gtristan  student    714 Jun 25 12:23 ls.dir
-rw-r--r--   1 gtristan  student      3 Jun 25 12:23 progress.marks

./cmake-build-debug/CMakeFiles/3.17.5:
total 64
-rw-r--r--  1 gtristan  student  3007 Mar 25 11:53 CMakeCCompiler.cmake
-rw-r--r--  1 gtristan  student  6040 Mar 25 11:53 CMakeCXXCompiler.cmake
-rwxr-xr-x  1 gtristan  student  4304 Mar 25 11:53 CMakeDetermineCompilerABI_C.bin
-rwxr-xr-x  1 gtristan  student  4288 Mar 25 11:53 CMakeDetermineCompilerABI_CXX.bin
-rw-r--r--  1 gtristan  student   362 Mar 25 11:53 CMakeSystem.cmake
drwxr-xr-x  5 gtristan  student   170 Mar 25 11:53 CompilerIdC
drwxr-xr-x  5 gtristan  student   170 Mar 25 11:53 CompilerIdCXX

./cmake-build-debug/CMakeFiles/3.17.5/CompilerIdC:
total 64
-rw-r--r--  1 gtristan  student  20271 Mar 25 11:53 CMakeCCompilerId.c
-rwxr-xr-x  1 gtristan  student   8616 Mar 25 11:53 a.out
drwxr-xr-x  2 gtristan  student     68 Mar 25 11:53 tmp

./cmake-build-debug/CMakeFiles/3.17.5/CompilerIdC/tmp:

./cmake-build-debug/CMakeFiles/3.17.5/CompilerIdCXX:
total 64
-rw-r--r--  1 gtristan  student  20091 Mar 25 11:53 CMakeCXXCompilerId.cpp
-rwxr-xr-x  1 gtristan  student   8600 Mar 25 11:53 a.out
drwxr-xr-x  2 gtristan  student     68 Mar 25 11:53 tmp

./cmake-build-debug/CMakeFiles/3.17.5/CompilerIdCXX/tmp:

./cmake-build-debug/CMakeFiles/3.19.2:
total 64
-rw-r--r--  1 gtristan  student  3008 Apr  9 13:12 CMakeCCompiler.cmake
-rw-r--r--  1 gtristan  student  6041 Apr  9 13:12 CMakeCXXCompiler.cmake
-rwxr-xr-x  1 gtristan  student  4304 Apr  9 13:12 CMakeDetermineCompilerABI_C.bin
-rwxr-xr-x  1 gtristan  student  4288 Apr  9 13:12 CMakeDetermineCompilerABI_CXX.bin
-rw-r--r--  1 gtristan  student   362 Apr  9 13:12 CMakeSystem.cmake
drwxr-xr-x  5 gtristan  student   170 Apr  9 13:12 CompilerIdC
drwxr-xr-x  5 gtristan  student   170 Apr  9 13:12 CompilerIdCXX

./cmake-build-debug/CMakeFiles/3.19.2/CompilerIdC:
total 72
-rw-r--r--  1 gtristan  student  20724 Apr  9 13:12 CMakeCCompilerId.c
-rwxr-xr-x  1 gtristan  student   8616 Apr  9 13:12 a.out
drwxr-xr-x  2 gtristan  student     68 Apr  9 13:12 tmp

./cmake-build-debug/CMakeFiles/3.19.2/CompilerIdC/tmp:

./cmake-build-debug/CMakeFiles/3.19.2/CompilerIdCXX:
total 72
-rw-r--r--  1 gtristan  student  20544 Apr  9 13:12 CMakeCXXCompilerId.cpp
-rwxr-xr-x  1 gtristan  student   8600 Apr  9 13:12 a.out
drwxr-xr-x  2 gtristan  student     68 Apr  9 13:12 tmp

./cmake-build-debug/CMakeFiles/3.19.2/CompilerIdCXX/tmp:

./cmake-build-debug/CMakeFiles/CMakeTmp:

./cmake-build-debug/CMakeFiles/corewar.dir:
total 80
-rw-r--r--  1 gtristan  student   1550 Mar 25 12:21 DependInfo.cmake
-rw-r--r--  1 gtristan  student  14726 Mar 25 12:21 build.make
-rw-r--r--  1 gtristan  student    519 Mar 25 12:21 cmake_clean.cmake
-rw-r--r--  1 gtristan  student     91 Mar 25 12:21 depend.make
-rw-r--r--  1 gtristan  student    400 Mar 25 12:21 flags.make
-rw-r--r--  1 gtristan  student    707 Mar 25 12:21 link.txt
-rw-r--r--  1 gtristan  student    190 Mar 25 12:21 progress.make

./cmake-build-debug/CMakeFiles/ls.dir:
total 288
-rw-r--r--  1 gtristan  student   1611 Apr 17 19:04 C.includecache
-rw-r--r--  1 gtristan  student   1804 Apr 17 14:31 DependInfo.cmake
-rw-r--r--  1 gtristan  student   6272 Apr 17 19:04 absent_arguments.c.o
-rw-r--r--  1 gtristan  student  17014 Jun 25 12:08 build.make
-rw-r--r--  1 gtristan  student    549 Jun 25 12:23 cmake_clean.cmake
-rw-r--r--  1 gtristan  student   2464 Apr 17 19:04 depend.internal
-rw-r--r--  1 gtristan  student   2240 Apr 17 19:04 depend.make
-rw-r--r--  1 gtristan  student    398 Apr  9 13:12 flags.make
-rw-r--r--  1 gtristan  student  15216 Apr 17 19:04 gather_file_data.c.o
-rw-r--r--  1 gtristan  student  10132 Apr 17 19:04 input_parsing.c.o
-rw-r--r--  1 gtristan  student    725 Jun 25 12:08 link.txt
-rw-r--r--  1 gtristan  student   9940 Apr 17 19:04 main.c.o
-rw-r--r--  1 gtristan  student   5404 Apr 17 19:04 myexit.c.o
-rw-r--r--  1 gtristan  student    236 Jun 25 12:23 progress.make
-rw-r--r--  1 gtristan  student   6916 Apr 17 19:04 sorting.c.o
-rw-r--r--  1 gtristan  student   2200 Apr 17 19:04 test.c.o
-rw-r--r--  1 gtristan  student   5900 Apr 17 19:04 tree.c.o
-rw-r--r--  1 gtristan  student   5844 Apr 17 19:04 tree_balance.c.o
-rw-r--r--  1 gtristan  student   5928 Apr 17 19:04 tree_print.c.o

./cmake-build-debug/Testing:
total 0
drwxr-xr-x  3 gtristan  student  102 Jun 27 14:01 Temporary

./cmake-build-debug/Testing/Temporary:
total 8
-rw-r--r--  1 gtristan  student  121 Jun 27 14:01 LastTest.log

./ft_ls.dSYM:
total 0
drwxr-xr-x  4 gtristan  student  136 Jun 27 18:44 Contents

./ft_ls.dSYM/Contents:
total 8
-rw-r--r--  1 gtristan  student  634 Jun 27 18:44 Info.plist
drwxr-xr-x  3 gtristan  student  102 Jun 27 18:44 Resources

./ft_ls.dSYM/Contents/Resources:
total 0
drwxr-xr-x  3 gtristan  student  102 Jun 27 18:44 DWARF

./ft_ls.dSYM/Contents/Resources/DWARF:
total 24
-rw-r--r--  1 gtristan  student  8350 Jun 27 18:44 ft_ls

./libft:
total 720
-rw-r--r--  1 gtristan  student   2412 Mar 25 12:22 Makefile
-rw-r--r--  1 gtristan  student      9 Mar 25 12:22 author
-rw-r--r--  1 gtristan  student   1527 Mar 25 12:22 ft_atoi.c
-rw-r--r--  1 gtristan  student   1594 Mar 25 12:22 ft_atoi_base.c
-rw-r--r--  1 gtristan  student   1071 Mar 25 12:22 ft_bzero.c
-rw-r--r--  1 gtristan  student   1108 Mar 25 12:22 ft_countwords.c
-rw-r--r--  1 gtristan  student   1009 Mar 25 12:22 ft_isalnum.c
-rw-r--r--  1 gtristan  student   1024 Mar 25 12:22 ft_isalpha.c
-rw-r--r--  1 gtristan  student    997 Mar 25 12:22 ft_isascii.c
-rw-r--r--  1 gtristan  student    999 Mar 25 12:22 ft_isdigit.c
-rw-r--r--  1 gtristan  student    998 Mar 25 12:22 ft_isprint.c
-rw-r--r--  1 gtristan  student   1004 Mar 25 12:22 ft_isspace.c
-rw-r--r--  1 gtristan  student   1498 Mar 25 12:22 ft_itoa.c
-rw-r--r--  1 gtristan  student   1048 Mar 25 12:22 ft_lstadd.c
-rw-r--r--  1 gtristan  student   1168 Mar 25 12:22 ft_lstdel.c
-rw-r--r--  1 gtristan  student   1099 Mar 25 12:22 ft_lstdelone.c
-rw-r--r--  1 gtristan  student   1069 Mar 25 12:22 ft_lstiter.c
-rw-r--r--  1 gtristan  student   1277 Mar 25 12:22 ft_lstmap.c
-rw-r--r--  1 gtristan  student   1378 Mar 25 12:22 ft_lstnew.c
-rw-r--r--  1 gtristan  student   1314 Mar 25 12:22 ft_math.c
-rw-r--r--  1 gtristan  student   1061 Mar 25 12:22 ft_memalloc.c
-rw-r--r--  1 gtristan  student   1320 Mar 25 12:22 ft_memccpy.c
-rw-r--r--  1 gtristan  student   1158 Mar 25 12:22 ft_memchr.c
-rw-r--r--  1 gtristan  student   1186 Mar 25 12:22 ft_memcmp.c
-rw-r--r--  1 gtristan  student   1165 Mar 25 12:22 ft_memcpy.c
-rw-r--r--  1 gtristan  student    992 Mar 25 12:22 ft_memdel.c
-rw-r--r--  1 gtristan  student   1284 Mar 25 12:22 ft_memmove.c
-rw-r--r--  1 gtristan  student   1122 Mar 25 12:22 ft_memset.c
-rw-r--r--  1 gtristan  student   1130 Mar 25 12:22 ft_new_two.c
drwxr-xr-x  8 gtristan  student    272 Mar 25 12:22 ft_printf
-rw-r--r--  1 gtristan  student    958 Mar 25 12:22 ft_putchar.c
-rw-r--r--  1 gtristan  student    970 Mar 25 12:22 ft_putchar_fd.c
-rw-r--r--  1 gtristan  student   1001 Mar 25 12:22 ft_putendl.c
-rw-r--r--  1 gtristan  student   1026 Mar 25 12:22 ft_putendl_fd.c
-rw-r--r--  1 gtristan  student   1154 Mar 25 12:22 ft_putnbr.c
-rw-r--r--  1 gtristan  student   1207 Mar 25 12:22 ft_putnbr_fd.c
-rw-r--r--  1 gtristan  student   1009 Mar 25 12:22 ft_putstr.c
-rw-r--r--  1 gtristan  student   1027 Mar 25 12:22 ft_putstr_fd.c
-rw-r--r--  1 gtristan  student   1170 Mar 25 12:22 ft_sort.c
-rw-r--r--  1 gtristan  student   1073 Mar 25 12:22 ft_strcat.c
-rw-r--r--  1 gtristan  student   1095 Mar 25 12:22 ft_strchr.c
-rw-r--r--  1 gtristan  student   1005 Mar 25 12:22 ft_strclr.c
-rw-r--r--  1 gtristan  student   1134 Mar 25 12:22 ft_strcmp.c
-rw-r--r--  1 gtristan  student   1058 Mar 25 12:22 ft_strcpy.c
-rw-r--r--  1 gtristan  student    992 Mar 25 12:22 ft_strdel.c
-rw-r--r--  1 gtristan  student   1157 Mar 25 12:22 ft_strdup.c
-rw-r--r--  1 gtristan  student   1049 Mar 25 12:22 ft_strequ.c
-rw-r--r--  1 gtristan  student   1047 Mar 25 12:22 ft_striter.c
-rw-r--r--  1 gtristan  student   1097 Mar 25 12:22 ft_striteri.c
-rw-r--r--  1 gtristan  student   1237 Mar 25 12:22 ft_strjoin.c
-rw-r--r--  1 gtristan  student   1279 Mar 25 12:22 ft_strlcat.c
-rw-r--r--  1 gtristan  student   1002 Mar 25 12:22 ft_strlen.c
-rw-r--r--  1 gtristan  student   1351 Mar 25 12:22 ft_strlencmp.c
-rw-r--r--  1 gtristan  student   1280 Mar 25 12:22 ft_strmap.c
-rw-r--r--  1 gtristan  student   1310 Mar 25 12:22 ft_strmapi.c
-rw-r--r--  1 gtristan  student   1100 Mar 25 12:22 ft_strncat.c
-rw-r--r--  1 gtristan  student   1194 Mar 25 12:22 ft_strncmp.c
-rw-r--r--  1 gtristan  student   1188 Mar 25 12:22 ft_strncpy.c
-rw-r--r--  1 gtristan  student   1156 Mar 25 12:22 ft_strndup.c
-rw-r--r--  1 gtristan  student   1064 Mar 25 12:22 ft_strnequ.c
-rw-r--r--  1 gtristan  student   1163 Mar 25 12:22 ft_strnew.c
-rw-r--r--  1 gtristan  student   1205 Mar 25 12:22 ft_strnrdup.c
-rw-r--r--  1 gtristan  student   1405 Mar 25 12:22 ft_strnstr.c
-rw-r--r--  1 gtristan  student   1154 Mar 25 12:22 ft_strrchr.c
-rw-r--r--  1 gtristan  student   1207 Mar 25 12:22 ft_strsort.c
-rw-r--r--  1 gtristan  student   1993 Mar 25 12:22 ft_strsplit.c
-rw-r--r--  1 gtristan  student   1187 Mar 25 12:22 ft_strstr.c
-rw-r--r--  1 gtristan  student   1279 Mar 25 12:22 ft_strsub.c
-rw-r--r--  1 gtristan  student   1494 Mar 25 12:22 ft_strtrim.c
-rw-r--r--  1 gtristan  student   1002 Mar 25 12:22 ft_tolower.c
-rw-r--r--  1 gtristan  student   1003 Mar 25 12:22 ft_toupper.c
-rw-r--r--  1 gtristan  student   2699 Mar 25 12:22 get_next_line.c
-rw-r--r--  1 gtristan  student  66960 Mar 25 12:22 libft.a
-rw-r--r--  1 gtristan  student   4516 Mar 25 12:22 libft.h

./libft/ft_printf:
total 104
-rw-r--r--   1 gtristan  student   1825 Mar 25 12:22 Makefile
-rw-r--r--   1 gtristan  student     16 Mar 25 12:22 author
drwxr-xr-x   3 gtristan  student    102 Mar 25 12:22 includes
-rw-r--r--   1 gtristan  student  43312 Mar 25 12:22 libftprintf.a
drwxr-xr-x  19 gtristan  student    646 Mar 25 12:22 src

./libft/ft_printf/includes:
total 16
-rw-r--r--  1 gtristan  student  4777 Mar 25 12:22 header_pf.h

./libft/ft_printf/src:
total 136
-rw-r--r--  1 gtristan  student  2663 Mar 25 12:22 analysis.c
-rw-r--r--  1 gtristan  student  2263 Mar 25 12:22 create_string.c
-rw-r--r--  1 gtristan  student  2540 Mar 25 12:22 decimal.c
-rw-r--r--  1 gtristan  student  2136 Mar 25 12:22 float.c
-rw-r--r--  1 gtristan  student  2870 Mar 25 12:22 float2.c
-rw-r--r--  1 gtristan  student  2184 Mar 25 12:22 float3.c
-rw-r--r--  1 gtristan  student  2719 Mar 25 12:22 float4.c
-rw-r--r--  1 gtristan  student  1243 Mar 25 12:22 free.c
-rw-r--r--  1 gtristan  student  1569 Mar 25 12:22 ft_printf.c
-rw-r--r--  1 gtristan  student  1643 Mar 25 12:22 make_result_str.c
-rw-r--r--  1 gtristan  student  2728 Mar 25 12:22 oct.c
-rw-r--r--  1 gtristan  student  1609 Mar 25 12:22 parsing.c
-rw-r--r--  1 gtristan  student  1750 Mar 25 12:22 print_color.c
-rw-r--r--  1 gtristan  student  2339 Mar 25 12:22 printnum.c
-rw-r--r--  1 gtristan  student  1891 Mar 25 12:22 putchar_str.c
-rw-r--r--  1 gtristan  student  2610 Mar 25 12:22 services_itoa.c
-rw-r--r--  1 gtristan  student  2085 Mar 25 12:22 string_char.c
